2024-08-11 02:57:44,550 - 210270 - INFO - This interval ends at 1723345064.5500677 and with Mask {'alu': [0, 0, 0, 0, 0, 0, 1, 0, 0, 0, 0, 0, 0, 0, 0, 0, 0, 0, 0, 0, 0, 0, 0]}
2024-08-11 02:57:45,540 - 210270 - INFO - This interval ends at 1723345065.5398748 and with Mask {'alu': [1, 1, 1, 1, 1, 0, 1, 0, 0, 0, 0, 0, 0, 0, 0, 0, 0, 0, 0, 0, 0, 0, 0]}
2024-08-11 02:57:46,540 - 210270 - INFO - This interval ends at 1723345066.5398834 and with Mask {'alu': [1, 1, 1, 1, 1, 0, 1, 0, 0, 0, 0, 0, 0, 0, 0, 0, 0, 0, 0, 0, 0, 0, 0]}
2024-08-11 02:57:47,540 - 210270 - INFO - This interval ends at 1723345067.5399964 and with Mask {'alu': [1, 1, 1, 1, 1, 0, 1, 0, 0, 0, 0, 0, 0, 0, 0, 0, 0, 0, 0, 0, 0, 0, 0]}
2024-08-11 02:57:48,539 - 210270 - INFO - This interval ends at 1723345068.5397518 and with Mask {'alu': [1, 1, 1, 1, 1, 0, 1, 0, 0, 0, 0, 0, 0, 0, 0, 0, 0, 0, 0, 0, 0, 0, 0]}
2024-08-11 02:57:49,540 - 210270 - INFO - This interval ends at 1723345069.539871 and with Mask {'alu': [1, 1, 1, 1, 1, 0, 1, 0, 0, 0, 0, 0, 0, 0, 0, 0, 0, 0, 0, 0, 0, 0, 0]}
2024-08-11 02:57:50,540 - 210270 - INFO - This interval ends at 1723345070.539864 and with Mask {'alu': [1, 1, 1, 1, 1, 0, 1, 0, 0, 0, 0, 0, 0, 0, 0, 0, 0, 0, 0, 0, 0, 0, 0]}
2024-08-11 02:57:51,539 - 210270 - INFO - This interval ends at 1723345071.539819 and with Mask {'alu': [1, 1, 1, 1, 1, 0, 1, 0, 0, 0, 0, 0, 0, 0, 0, 0, 0, 0, 0, 0, 0, 0, 0]}
2024-08-11 02:57:52,540 - 210270 - INFO - This interval ends at 1723345072.540097 and with Mask {'alu': [1, 1, 1, 1, 1, 0, 1, 0, 0, 0, 0, 0, 0, 0, 0, 0, 0, 0, 0, 0, 0, 0, 0]}
2024-08-11 02:57:53,540 - 210270 - INFO - This interval ends at 1723345073.5398378 and with Mask {'alu': [1, 1, 1, 1, 1, 0, 1, 0, 0, 0, 0, 0, 0, 0, 0, 0, 0, 0, 0, 0, 0, 0, 0]}
2024-08-11 02:57:54,540 - 210270 - INFO - This interval ends at 1723345074.5398886 and with Mask {'alu': [1, 1, 1, 1, 1, 0, 1, 0, 0, 0, 0, 0, 0, 0, 0, 0, 0, 0, 0, 0, 0, 0, 0]}
2024-08-11 02:57:55,539 - 210270 - INFO - This interval ends at 1723345075.539808 and with Mask {'alu': [1, 1, 1, 1, 1, 0, 1, 0, 0, 0, 0, 0, 0, 0, 0, 0, 0, 0, 0, 0, 0, 0, 0]}
2024-08-11 02:57:56,540 - 210270 - INFO - This interval ends at 1723345076.5397577 and with Mask {'alu': [1, 1, 1, 1, 1, 0, 1, 0, 0, 0, 0, 0, 0, 0, 0, 0, 0, 0, 0, 0, 0, 0, 0]}
2024-08-11 02:57:57,540 - 210270 - INFO - This interval ends at 1723345077.5399857 and with Mask {'alu': [1, 1, 1, 1, 1, 0, 1, 0, 0, 0, 0, 0, 0, 0, 0, 0, 0, 0, 0, 0, 0, 0, 0]}
2024-08-11 02:57:58,539 - 210270 - INFO - This interval ends at 1723345078.5397367 and with Mask {'alu': [1, 1, 1, 1, 1, 0, 1, 0, 0, 0, 0, 0, 0, 0, 0, 0, 0, 0, 0, 0, 0, 0, 0]}
2024-08-11 02:57:59,540 - 210270 - INFO - This interval ends at 1723345079.5400043 and with Mask {'alu': [1, 1, 1, 1, 1, 0, 1, 0, 0, 0, 0, 0, 0, 0, 0, 0, 0, 0, 0, 0, 0, 0, 0]}
2024-08-11 02:58:00,539 - 210270 - INFO - This interval ends at 1723345080.5397704 and with Mask {'alu': [1, 1, 1, 1, 1, 0, 1, 0, 0, 0, 0, 0, 0, 0, 0, 0, 0, 0, 0, 0, 0, 0, 0]}
2024-08-11 02:58:01,539 - 210270 - INFO - This interval ends at 1723345081.539752 and with Mask {'alu': [1, 1, 1, 1, 1, 0, 1, 0, 0, 0, 0, 0, 0, 0, 0, 0, 0, 0, 0, 0, 0, 0, 0]}
2024-08-11 02:58:02,540 - 210270 - INFO - This interval ends at 1723345082.539848 and with Mask {'alu': [1, 1, 1, 1, 1, 0, 1, 0, 0, 0, 0, 0, 0, 0, 0, 0, 0, 0, 0, 0, 0, 0, 0]}
2024-08-11 02:58:03,540 - 210270 - INFO - This interval ends at 1723345083.5398839 and with Mask {'alu': [1, 1, 1, 1, 1, 0, 1, 0, 0, 0, 0, 0, 0, 0, 0, 0, 0, 0, 0, 0, 0, 0, 0]}
2024-08-11 02:58:05,336 - 210270 - INFO - This interval ends at 1723345085.3358576 and with Mask {'alu': [1, 1, 1, 1, 1, 0, 1, 0, 0, 0, 0, 0, 0, 0, 0, 0, 0, 0, 0, 0, 0, 0, 0]}
2024-08-11 02:58:06,329 - 210270 - INFO - This interval ends at 1723345086.329008 and with Mask {'alu': [1, 1, 1, 1, 1, 0, 1, 0, 0, 0, 0, 0, 0, 0, 0, 0, 0, 0, 0, 0, 0, 0, 0]}
2024-08-11 02:58:07,329 - 210270 - INFO - This interval ends at 1723345087.3291826 and with Mask {'alu': [1, 1, 1, 1, 1, 0, 1, 0, 0, 0, 0, 0, 0, 0, 0, 0, 0, 0, 0, 0, 0, 0, 0]}
2024-08-11 02:58:08,329 - 210270 - INFO - This interval ends at 1723345088.3289912 and with Mask {'alu': [1, 1, 1, 1, 1, 0, 1, 0, 0, 0, 0, 0, 0, 0, 0, 0, 0, 0, 0, 0, 0, 0, 0]}
2024-08-11 02:58:09,329 - 210270 - INFO - This interval ends at 1723345089.3288968 and with Mask {'alu': [1, 1, 1, 1, 1, 0, 1, 0, 0, 0, 0, 0, 0, 0, 0, 0, 0, 0, 0, 0, 0, 0, 0]}
2024-08-11 02:58:10,329 - 210270 - INFO - This interval ends at 1723345090.3289073 and with Mask {'alu': [1, 1, 1, 1, 1, 0, 1, 0, 0, 0, 0, 0, 0, 0, 0, 0, 0, 0, 0, 0, 0, 0, 0]}
2024-08-11 02:58:11,329 - 210270 - INFO - This interval ends at 1723345091.328983 and with Mask {'alu': [1, 1, 1, 1, 1, 0, 1, 0, 0, 0, 0, 0, 0, 0, 0, 0, 0, 0, 0, 0, 0, 0, 0]}
2024-08-11 02:58:12,329 - 210270 - INFO - This interval ends at 1723345092.3290818 and with Mask {'alu': [1, 1, 1, 1, 1, 0, 1, 0, 0, 0, 0, 0, 0, 0, 0, 0, 0, 0, 0, 0, 0, 0, 0]}
2024-08-11 02:58:13,329 - 210270 - INFO - This interval ends at 1723345093.329042 and with Mask {'alu': [1, 1, 1, 1, 1, 0, 1, 0, 0, 0, 0, 0, 0, 0, 0, 0, 0, 0, 0, 0, 0, 0, 0]}
2024-08-11 02:58:14,329 - 210270 - INFO - This interval ends at 1723345094.3289025 and with Mask {'alu': [1, 1, 1, 1, 1, 0, 1, 0, 0, 0, 0, 0, 0, 0, 0, 0, 0, 0, 0, 0, 0, 0, 0]}
2024-08-11 02:58:15,329 - 210270 - INFO - This interval ends at 1723345095.3288643 and with Mask {'alu': [1, 1, 1, 1, 1, 0, 1, 0, 0, 0, 0, 0, 0, 0, 0, 0, 0, 0, 0, 0, 0, 0, 0]}
2024-08-11 02:58:16,329 - 210270 - INFO - This interval ends at 1723345096.3287737 and with Mask {'alu': [1, 1, 1, 1, 1, 0, 1, 0, 0, 0, 0, 0, 0, 0, 0, 0, 0, 0, 0, 0, 0, 0, 0]}
2024-08-11 02:58:17,328 - 210270 - INFO - This interval ends at 1723345097.3288202 and with Mask {'alu': [1, 1, 1, 1, 1, 0, 1, 0, 0, 0, 0, 0, 0, 0, 0, 0, 0, 0, 0, 0, 0, 0, 0]}
2024-08-11 02:58:18,328 - 210270 - INFO - This interval ends at 1723345098.3287022 and with Mask {'alu': [1, 1, 1, 1, 1, 0, 1, 0, 0, 0, 0, 0, 0, 0, 0, 0, 0, 0, 0, 0, 0, 0, 0]}
2024-08-11 02:58:19,329 - 210270 - INFO - This interval ends at 1723345099.3288898 and with Mask {'alu': [1, 1, 1, 1, 1, 0, 1, 0, 0, 0, 0, 0, 0, 0, 0, 0, 0, 0, 0, 0, 0, 0, 0]}
2024-08-11 02:58:20,329 - 210270 - INFO - This interval ends at 1723345100.3289309 and with Mask {'alu': [1, 1, 1, 1, 1, 0, 1, 0, 0, 0, 0, 0, 0, 0, 0, 0, 0, 0, 0, 0, 0, 0, 0]}
2024-08-11 02:58:21,329 - 210270 - INFO - This interval ends at 1723345101.329099 and with Mask {'alu': [1, 1, 1, 1, 1, 0, 1, 0, 0, 0, 0, 0, 0, 0, 0, 0, 0, 0, 0, 0, 0, 0, 0]}
2024-08-11 02:58:22,329 - 210270 - INFO - This interval ends at 1723345102.3289604 and with Mask {'alu': [1, 1, 1, 1, 1, 0, 1, 0, 0, 0, 0, 0, 0, 0, 0, 0, 0, 0, 0, 0, 0, 0, 0]}
2024-08-11 02:58:23,329 - 210270 - INFO - This interval ends at 1723345103.328959 and with Mask {'alu': [1, 1, 1, 1, 1, 0, 1, 0, 0, 0, 0, 0, 0, 0, 0, 0, 0, 0, 0, 0, 0, 0, 0]}
2024-08-11 02:58:24,329 - 210270 - INFO - This interval ends at 1723345104.3288596 and with Mask {'alu': [1, 1, 1, 1, 1, 0, 1, 0, 0, 0, 0, 0, 0, 0, 0, 0, 0, 0, 0, 0, 0, 0, 0]}
2024-08-11 02:58:41,960 - 210270 - INFO - This interval ends at 1723345121.9606857 and with Mask {'alu': [1, 1, 1, 1, 1, 0, 1, 0, 0, 0, 0, 0, 0, 0, 0, 0, 0, 0, 0, 0, 0, 0, 0]}
2024-08-11 02:58:42,950 - 210270 - INFO - This interval ends at 1723345122.950146 and with Mask {'alu': [1, 1, 1, 1, 1, 0, 1, 0, 0, 0, 0, 0, 0, 0, 0, 0, 0, 0, 0, 0, 0, 0, 0]}
2024-08-11 02:58:43,950 - 210270 - INFO - This interval ends at 1723345123.9501424 and with Mask {'alu': [1, 1, 1, 1, 1, 0, 1, 0, 0, 0, 0, 0, 0, 0, 0, 0, 0, 0, 0, 0, 0, 0, 0]}
2024-08-11 02:58:44,950 - 210270 - INFO - This interval ends at 1723345124.9502094 and with Mask {'alu': [1, 1, 1, 1, 1, 0, 1, 0, 0, 0, 0, 0, 0, 0, 0, 0, 0, 0, 0, 0, 0, 0, 0]}
2024-08-11 02:58:45,950 - 210270 - INFO - This interval ends at 1723345125.95006 and with Mask {'alu': [1, 1, 1, 1, 1, 0, 1, 0, 0, 0, 0, 0, 0, 0, 0, 0, 0, 0, 0, 0, 0, 0, 0]}
2024-08-11 02:58:46,950 - 210270 - INFO - This interval ends at 1723345126.9502032 and with Mask {'alu': [1, 1, 1, 1, 1, 0, 1, 0, 0, 0, 0, 0, 0, 0, 0, 0, 0, 0, 0, 0, 0, 0, 0]}
2024-08-11 02:58:47,950 - 210270 - INFO - This interval ends at 1723345127.9499927 and with Mask {'alu': [1, 1, 1, 1, 1, 0, 1, 0, 0, 0, 0, 0, 0, 0, 0, 0, 0, 0, 0, 0, 0, 0, 0]}
2024-08-11 02:58:48,950 - 210270 - INFO - This interval ends at 1723345128.9501393 and with Mask {'alu': [1, 1, 1, 1, 1, 0, 1, 0, 0, 0, 0, 0, 0, 0, 0, 0, 0, 0, 0, 0, 0, 0, 0]}
2024-08-11 02:58:49,950 - 210270 - INFO - This interval ends at 1723345129.950288 and with Mask {'alu': [1, 1, 1, 1, 1, 0, 1, 0, 0, 0, 0, 0, 0, 0, 0, 0, 0, 0, 0, 0, 0, 0, 0]}
